Arguments: 
  /usr/local/bin/node /usr/local/bin/yarn

PATH: 
  /opt/homebrew/bin:/opt/homebrew/sbin:/usr/local/bin:/usr/bin:/bin:/usr/sbin:/sbin

Yarn version: 
  1.22.19

Node version: 
  18.15.0

Platform: 
  darwin arm64

Trace: 
  Error: read EADDRNOTAVAIL
      at TLSWrap.onStreamRead (node:internal/stream_base_commons:217:20)

npm manifest: 
  {
    "name": "gunpun-server-game",
    "version": "1.0.0",
    "description": "",
    "main": "index.js",
    "scripts": {
      "test": "ENV=test nodemon --exec mocha dist/**/**/*.test.js -e js --recursive",
      "start": "node dist/index.js",
      "dev": "nodemon dist/index.js",
      "dev:staging": "nodemon -r dotenv/config ./src/index.ts dotenv_config_path=_staging.env",
      "dev:beta": "nodemon -r dotenv/config ./src/index.ts dotenv_config_path=_beta.env",
      "start:beta": "node -r dotenv/config dist/src/index.js dotenv_config_path=_beta.env",
      "dev:production": "nodemon -r dotenv/config ./src/index.ts dotenv_config_path=_production.env",
      "build": "rm -rf dist && tsc --skipLibCheck && tsc-alias",
      "build:watch": "tsc && (concurrently \"tsc -w\" \"tsc-alias -w\")"
    },
    "keywords": [],
    "author": "",
    "license": "ISC",
    "dependencies": {
      "@colyseus/monitor": "^0.14.22",
      "@colyseus/schema": "1.0.38",
      "@colyseus/ws-transport": "^0.14.21",
      "@geckos.io/phaser-on-nodejs": "^1.2.8",
      "amqplib": "^0.10.3",
      "arcade-physics": "^0.1.0",
      "body-parser": "^1.20.0",
      "colyseus": "^0.14.24",
      "cors": "^2.8.5",
      "express": "^4.18.1",
      "express-status-monitor": "^1.3.4",
      "generic-pool": "^3.9.0",
      "jsonwebtoken": "^8.5.1",
      "mjml": "^4.13.0",
      "mongodb": "3.6.0",
      "multer": "^1.4.5-lts.1",
      "nodemailer": "^6.8.0",
      "phaser": "3.55.2",
      "qs": "^6.11.0",
      "redis": "^4.4.0",
      "sharp": "^0.31.0",
      "ts-node": "^10.9.1",
      "typeorm": "^0.3.10",
      "web3": "^1.8.2",
      "web3-parse-receipt-events": "^1.0.2"
    },
    "devDependencies": {
      "@types/amqplib": "^0.10.0",
      "@types/body-parser": "^1.19.2",
      "@types/cors": "^2.8.12",
      "@types/debug": "^4.1.7",
      "@types/express": "^4.17.14",
      "@types/jsonwebtoken": "^8.5.9",
      "@types/mjml": "^4.7.0",
      "@types/mocha": "^9.1.1",
      "@types/multer": "^1.4.7",
      "@types/nodemailer": "^6.4.6",
      "@types/sharp": "^0.30.5",
      "@types/supertest": "^2.0.12",
      "@types/web3": "^1.2.2",
      "assert": "^2.0.0",
      "concurrently": "^8.0.1",
      "mocha": "^10.0.0",
      "supertest": "^6.2.4",
      "tsc-alias": "^1.8.5",
      "typescript": "4.3.5"
    }
  }

yarn manifest: 
  No manifest

Lockfile: 
  No lockfile
